<?xml version="1.0" encoding="UTF-8"?>
<!-- Generated by org.testng.reporters.JUnitReportReporter -->
<testsuite hostname="LAPTOP-733KQGVP" failures="0" tests="1" name="Ejerecicio.Uno.PuntoTresTest" time="36.571" errors="0" timestamp="2021-06-17T15:09:24 UYT" skipped="0">
  <testcase classname="Ejerecicio.Uno.PuntoTresTest" name="Entrar" time="36.571"/>
  <system-out/>
</testsuite> <!-- Ejerecicio.Uno.PuntoTresTest -->
