<?xml version="1.0" encoding="UTF-8"?>
<!-- Generated by org.testng.reporters.JUnitReportReporter -->
<testsuite hostname="LAPTOP-733KQGVP" failures="0" tests="1" name="Ejerecicio.Uno.PuntoDosTest" time="33.187" errors="0" timestamp="2021-06-17T14:24:51 UYT" skipped="0">
  <testcase classname="Ejerecicio.Uno.PuntoDosTest" name="Entrar" time="33.187"/>
  <system-out/>
</testsuite> <!-- Ejerecicio.Uno.PuntoDosTest -->
