<?xml version="1.0" encoding="UTF-8"?>
<!-- Generated by org.testng.reporters.JUnitReportReporter -->
<testsuite hostname="LAPTOP-733KQGVP" failures="0" tests="1" name="Ejerecicio.Uno.puntoUnoTest" time="45.164" errors="0" timestamp="2021-06-17T12:37:37 UYT" skipped="0">
  <testcase classname="Ejerecicio.Uno.puntoUnoTest" name="Entrar" time="45.164"/>
  <system-out/>
</testsuite> <!-- Ejerecicio.Uno.puntoUnoTest -->
