<?xml version="1.0" encoding="UTF-8"?>
<!-- Generated by org.testng.reporters.JUnitReportReporter -->
<testsuite hostname="LAPTOP-733KQGVP" failures="0" tests="1" name="Ejerecicio.Uno.PuntoTresTest" time="41.830" errors="0" timestamp="2021-06-21T10:07:20 UYT" skipped="0">
  <testcase classname="Ejerecicio.Uno.PuntoTresTest" name="Entrar" time="41.830"/>
  <system-out/>
</testsuite> <!-- Ejerecicio.Uno.PuntoTresTest -->
