<?xml version="1.0" encoding="UTF-8"?>
<!-- Generated by org.testng.reporters.JUnitReportReporter -->
<testsuite hostname="LAPTOP-733KQGVP" failures="0" tests="3" name="Ejerecicio.Uno.PuntoDosTest" time="106.302" errors="0" timestamp="2021-06-21T10:05:50 UYT" skipped="0">
  <testcase classname="Ejerecicio.Uno.PuntoDosTest" name="Entrar" time="32.243"/>
  <system-out/>
  <testcase classname="Ejerecicio.Uno.PuntoDosTest" name="Entrar" time="40.343"/>
  <system-out/>
  <testcase classname="Ejerecicio.Uno.PuntoDosTest" name="flaseAccount" time="33.716"/>
  <system-out/>
</testsuite> <!-- Ejerecicio.Uno.PuntoDosTest -->
